2025-12-04 23:35:29,513 - __main__ - INFO - 配置验证通过
2025-12-04 23:36:04,003 - __main__ - INFO - 配置验证通过
2025-12-04 23:45:29,630 - __main__ - ERROR - 输出目录 'reports' 无法创建: [WinError 5] 拒绝访问。: 'reports'
2025-12-04 23:53:07,999 - auto_report - INFO - 配置验证通过
2025-12-04 23:53:08,100 - auto_report - INFO - 配置验证通过
2025-12-05 16:15:23,146 - __main__ - INFO - 配置验证通过
2025-12-05 16:15:38,400 - __main__ - INFO - 配置验证通过
2025-12-05 16:15:39,407 - __main__ - INFO - 开始生成报表: 销售报表
2025-12-05 16:15:39,408 - __main__ - INFO - 加载数据源: legacy_source
2025-12-05 16:15:39,409 - __main__ - INFO - 从Excel加载数据: data/sales_data.xlsx
2025-12-05 16:15:39,439 - __main__ - INFO - 数据加载完成，形状: (30, 5)
2025-12-05 16:15:39,440 - __main__ - WARNING - 过滤列 '销售金额' 不存在于数据中，跳过该过滤条件
2025-12-05 16:15:39,442 - __main__ - WARNING - 计算失败: (df['销售金额'] - df['成本']) / df['销售金额']，错误: name 'df' is not defined
2025-12-05 16:15:39,444 - __main__ - INFO - 生成Excel报表: reports\销售报表_20251205_161539.xlsx
2025-12-05 16:15:39,527 - __main__ - INFO - Excel报表生成成功: reports\销售报表_20251205_161539.xlsx
2025-12-05 16:15:39,528 - __main__ - INFO - 生成PDF报表: reports\销售报表_20251205_161539.pdf
2025-12-05 16:15:39,549 - __main__ - INFO - PDF报表生成成功: reports\销售报表_20251205_161539.pdf
2025-12-05 16:15:39,550 - __main__ - INFO - 生成HTML报表: reports\销售报表_20251205_161539.html
2025-12-05 16:15:39,565 - __main__ - INFO - HTML报表生成成功: reports\销售报表_20251205_161539.html
2025-12-05 16:15:39,567 - __main__ - INFO - 报表生成完成: 销售报表
2025-12-05 16:15:39,572 - __main__ - INFO - 开始生成报表: 多数据源分析报表
2025-12-05 16:15:39,573 - __main__ - INFO - 加载数据源: 销售数据
2025-12-05 16:15:39,574 - __main__ - INFO - 从Excel加载数据: data/sales_data.xlsx
2025-12-05 16:15:39,607 - __main__ - INFO - 数据加载完成，形状: (30, 5)
2025-12-05 16:15:39,608 - __main__ - INFO - 加载数据源: 成本数据
2025-12-05 16:15:39,609 - __main__ - INFO - 从CSV加载数据: data/cost_data.csv
2025-12-05 16:15:39,632 - __main__ - INFO - 成功加载 10 行数据
2025-12-05 16:15:39,632 - __main__ - INFO - 加载数据源: 客户数据
2025-12-05 16:15:39,633 - __main__ - INFO - 从SQL数据库加载数据
2025-12-05 16:15:39,977 - __main__ - INFO - 数据加载完成，形状: (5, 3)
2025-12-05 16:15:39,978 - __main__ - INFO - 合并 3 个数据源
2025-12-05 16:15:39,984 - __main__ - INFO - 合并完成，当前数据框形状: (0, 8)
2025-12-05 16:15:39,985 - __main__ - WARNING - 没有找到共同列，使用 concat 进行合并
2025-12-05 16:15:39,987 - __main__ - WARNING - 过滤列 '销售额' 不存在于数据中，跳过该过滤条件
2025-12-05 16:15:39,990 - __main__ - WARNING - 计算失败: df['销售额'] - df['成本']，错误: name 'df' is not defined
2025-12-05 16:15:39,994 - __main__ - INFO - 生成Excel报表: reports\多数据源分析报表_20251205_161539.xlsx
2025-12-05 16:15:40,067 - __main__ - INFO - Excel报表生成成功: reports\多数据源分析报表_20251205_161539.xlsx
2025-12-05 16:15:40,068 - __main__ - INFO - 生成HTML报表: reports\多数据源分析报表_20251205_161540.html
2025-12-05 16:15:40,075 - __main__ - INFO - HTML报表生成成功: reports\多数据源分析报表_20251205_161540.html
2025-12-05 16:15:40,076 - __main__ - INFO - 报表生成完成: 多数据源分析报表
2025-12-05 16:16:46,944 - __main__ - INFO - 配置验证通过
2025-12-05 16:21:44,726 - __main__ - INFO - 配置验证通过
2025-12-05 16:22:21,259 - __main__ - INFO - 配置验证通过
2025-12-05 16:22:46,470 - __main__ - INFO - 配置验证通过
2025-12-05 16:23:10,162 - __main__ - INFO - 配置验证通过
2025-12-05 16:23:51,234 - __main__ - INFO - 配置验证通过
2025-12-05 16:24:21,851 - __main__ - INFO - 配置验证通过
2025-12-05 16:25:25,031 - auto_report - INFO - 配置验证通过
2025-12-05 16:25:26,379 - auto_report - INFO - 配置验证通过
2025-12-05 16:29:26,494 - auto_report - INFO - 配置验证通过
2025-12-05 16:29:26,609 - auto_report - INFO - 配置验证通过
2025-12-05 16:32:01,958 - auto_report - INFO - 配置验证通过
2025-12-05 16:32:02,074 - auto_report - INFO - 配置验证通过
2025-12-05 16:32:30,745 - auto_report - INFO - 配置验证通过
2025-12-05 16:32:30,850 - auto_report - INFO - 配置验证通过
2025-12-05 16:39:21,093 - auto_report - INFO - 配置验证通过
2025-12-05 16:39:21,197 - auto_report - INFO - 配置验证通过
2025-12-05 16:41:45,029 - auto_report - INFO - 配置验证通过
2025-12-05 16:41:45,135 - auto_report - INFO - 配置验证通过
2025-12-05 16:46:17,420 - auto_report - INFO - 配置验证通过
2025-12-05 16:46:17,524 - auto_report - INFO - 配置验证通过
2025-12-05 16:57:24,060 - auto_report - INFO - 配置验证通过
2025-12-05 16:57:24,161 - auto_report - INFO - 配置验证通过
2025-12-05 16:58:21,894 - auto_report - INFO - 配置验证通过
2025-12-05 16:58:22,187 - auto_report - INFO - 配置验证通过
2025-12-05 17:07:45,404 - auto_report - INFO - 配置验证通过
2025-12-05 17:07:45,517 - auto_report - INFO - 配置验证通过
2025-12-05 17:09:50,674 - auto_report - INFO - 配置验证通过
2025-12-05 17:09:50,776 - auto_report - INFO - 配置验证通过
2025-12-05 17:10:23,480 - auto_report - INFO - 配置验证通过
2025-12-05 17:10:23,582 - auto_report - INFO - 配置验证通过
2025-12-05 21:43:32,688 - auto_report - INFO - 配置验证通过
2025-12-05 21:43:32,933 - auto_report - INFO - 配置验证通过
2025-12-06 09:01:27,827 - auto_report - INFO - 配置验证通过
2025-12-06 09:01:28,058 - auto_report - INFO - 配置验证通过
2025-12-08 11:46:20,428 - auto_report - INFO - 配置验证通过
2025-12-08 11:46:21,879 - auto_report - INFO - 配置验证通过
2025-12-08 11:47:08,096 - auto_report - INFO - 配置验证通过
2025-12-08 11:47:08,213 - auto_report - INFO - 配置验证通过
